{"C:\\Users\\gonza\\OneDrive\\Documentos\\Backend\\node\\Rest_api_node_ts_server\\src\\router.ts": {"path":"C:\\Users\\gonza\\OneDrive\\Documentos\\Backend\\node\\Rest_api_node_ts_server\\src\\router.ts","statementMap":{"0":{"start":{"line":1,"column":0},"end":{"line":1,"column":32}},"1":{"start":{"line":2,"column":0},"end":{"line":2,"column":129}},"2":{"start":{"line":3,"column":0},"end":{"line":3,"column":47}},"3":{"start":{"line":4,"column":0},"end":{"line":4,"column":48}},"4":{"start":{"line":5,"column":15},"end":{"line":5,"column":23}},"5":{"start":{"line":9,"column":0},"end":{"line":9,"column":null}},"6":{"start":{"line":10,"column":0},"end":{"line":14,"column":null}},"7":{"start":{"line":16,"column":0},"end":{"line":32,"column":null}},"8":{"start":{"line":27,"column":22},"end":{"line":27,"column":31}},"9":{"start":{"line":34,"column":0},"end":{"line":50,"column":null}},"10":{"start":{"line":45,"column":22},"end":{"line":45,"column":31}},"11":{"start":{"line":52,"column":0},"end":{"line":56,"column":null}},"12":{"start":{"line":58,"column":0},"end":{"line":62,"column":null}},"13":{"start":{"line":64,"column":0},"end":{"line":64,"column":null}}},"fnMap":{"0":{"name":"(anonymous_0)","decl":{"start":{"line":27,"column":13},"end":{"line":27,"column":18}},"loc":{"start":{"line":27,"column":22},"end":{"line":27,"column":31}}},"1":{"name":"(anonymous_1)","decl":{"start":{"line":45,"column":13},"end":{"line":45,"column":18}},"loc":{"start":{"line":45,"column":22},"end":{"line":45,"column":31}}}},"branchMap":{},"s":{"0":3,"1":3,"2":3,"3":3,"4":3,"5":3,"6":3,"7":3,"8":4,"9":3,"10":5,"11":3,"12":3,"13":3},"f":{"0":4,"1":5},"b":{}}
,"C:\\Users\\gonza\\OneDrive\\Documentos\\Backend\\node\\Rest_api_node_ts_server\\src\\server.ts": {"path":"C:\\Users\\gonza\\OneDrive\\Documentos\\Backend\\node\\Rest_api_node_ts_server\\src\\server.ts","statementMap":{"0":{"start":{"line":1,"column":0},"end":{"line":1,"column":30}},"1":{"start":{"line":2,"column":0},"end":{"line":2,"column":27}},"2":{"start":{"line":3,"column":0},"end":{"line":3,"column":30}},"3":{"start":{"line":4,"column":0},"end":{"line":4,"column":29}},"4":{"start":{"line":8,"column":25},"end":{"line":17,"column":1}},"5":{"start":{"line":9,"column":2},"end":{"line":16,"column":3}},"6":{"start":{"line":10,"column":4},"end":{"line":10,"column":null}},"7":{"start":{"line":11,"column":4},"end":{"line":11,"column":null}},"8":{"start":{"line":12,"column":4},"end":{"line":12,"column":null}},"9":{"start":{"line":14,"column":4},"end":{"line":14,"column":null}},"10":{"start":{"line":15,"column":4},"end":{"line":15,"column":null}},"11":{"start":{"line":8,"column":13},"end":{"line":8,"column":25}},"12":{"start":{"line":19,"column":0},"end":{"line":19,"column":null}},"13":{"start":{"line":22,"column":15},"end":{"line":22,"column":24}},"14":{"start":{"line":25,"column":0},"end":{"line":25,"column":null}},"15":{"start":{"line":26,"column":0},"end":{"line":26,"column":null}},"16":{"start":{"line":28,"column":0},"end":{"line":32,"column":null}},"17":{"start":{"line":29,"column":2},"end":{"line":31,"column":null}},"18":{"start":{"line":34,"column":0},"end":{"line":34,"column":null}}},"fnMap":{"0":{"name":"(anonymous_1)","decl":{"start":{"line":8,"column":25},"end":{"line":8,"column":30}},"loc":{"start":{"line":8,"column":36},"end":{"line":17,"column":1}}},"1":{"name":"(anonymous_2)","decl":{"start":{"line":28,"column":19},"end":{"line":28,"column":20}},"loc":{"start":{"line":28,"column":32},"end":{"line":32,"column":1}}}},"branchMap":{},"s":{"0":3,"1":3,"2":3,"3":3,"4":3,"5":4,"6":4,"7":2,"8":2,"9":1,"10":1,"11":3,"12":3,"13":3,"14":3,"15":3,"16":3,"17":1,"18":3},"f":{"0":4,"1":1},"b":{}}
,"C:\\Users\\gonza\\OneDrive\\Documentos\\Backend\\node\\Rest_api_node_ts_server\\src\\config\\db.ts": {"path":"C:\\Users\\gonza\\OneDrive\\Documentos\\Backend\\node\\Rest_api_node_ts_server\\src\\config\\db.ts","statementMap":{"0":{"start":{"line":1,"column":0},"end":{"line":1,"column":49}},"1":{"start":{"line":2,"column":0},"end":{"line":2,"column":27}},"2":{"start":{"line":4,"column":0},"end":{"line":4,"column":null}},"3":{"start":{"line":6,"column":11},"end":{"line":8,"column":2}},"4":{"start":{"line":10,"column":0},"end":{"line":10,"column":null}}},"fnMap":{},"branchMap":{},"s":{"0":3,"1":3,"2":3,"3":3,"4":3},"f":{},"b":{}}
,"C:\\Users\\gonza\\OneDrive\\Documentos\\Backend\\node\\Rest_api_node_ts_server\\src\\handlers\\product.ts": {"path":"C:\\Users\\gonza\\OneDrive\\Documentos\\Backend\\node\\Rest_api_node_ts_server\\src\\handlers\\product.ts","statementMap":{"0":{"start":{"line":3,"column":0},"end":{"line":3,"column":45}},"1":{"start":{"line":5,"column":27},"end":{"line":17,"column":1}},"2":{"start":{"line":13,"column":19},"end":{"line":13,"column":42}},"3":{"start":{"line":14,"column":2},"end":{"line":16,"column":null}},"4":{"start":{"line":5,"column":13},"end":{"line":5,"column":27}},"5":{"start":{"line":19,"column":30},"end":{"line":31,"column":1}},"6":{"start":{"line":20,"column":18},"end":{"line":20,"column":28}},"7":{"start":{"line":21,"column":18},"end":{"line":21,"column":44}},"8":{"start":{"line":23,"column":2},"end":{"line":27,"column":3}},"9":{"start":{"line":24,"column":4},"end":{"line":26,"column":null}},"10":{"start":{"line":29,"column":2},"end":{"line":29,"column":null}},"11":{"start":{"line":19,"column":13},"end":{"line":19,"column":30}},"12":{"start":{"line":33,"column":29},"end":{"line":36,"column":1}},"13":{"start":{"line":34,"column":18},"end":{"line":34,"column":48}},"14":{"start":{"line":35,"column":2},"end":{"line":35,"column":null}},"15":{"start":{"line":33,"column":13},"end":{"line":33,"column":29}},"16":{"start":{"line":38,"column":29},"end":{"line":54,"column":1}},"17":{"start":{"line":40,"column":18},"end":{"line":40,"column":28}},"18":{"start":{"line":41,"column":18},"end":{"line":41,"column":44}},"19":{"start":{"line":43,"column":2},"end":{"line":47,"column":3}},"20":{"start":{"line":44,"column":4},"end":{"line":46,"column":null}},"21":{"start":{"line":50,"column":2},"end":{"line":50,"column":null}},"22":{"start":{"line":51,"column":2},"end":{"line":51,"column":null}},"23":{"start":{"line":52,"column":2},"end":{"line":52,"column":null}},"24":{"start":{"line":38,"column":13},"end":{"line":38,"column":29}},"25":{"start":{"line":56,"column":34},"end":{"line":70,"column":1}},"26":{"start":{"line":57,"column":18},"end":{"line":57,"column":28}},"27":{"start":{"line":58,"column":18},"end":{"line":58,"column":44}},"28":{"start":{"line":60,"column":2},"end":{"line":64,"column":3}},"29":{"start":{"line":61,"column":4},"end":{"line":63,"column":null}},"30":{"start":{"line":67,"column":2},"end":{"line":67,"column":null}},"31":{"start":{"line":68,"column":2},"end":{"line":68,"column":null}},"32":{"start":{"line":69,"column":2},"end":{"line":69,"column":null}},"33":{"start":{"line":56,"column":13},"end":{"line":56,"column":34}},"34":{"start":{"line":72,"column":29},"end":{"line":84,"column":1}},"35":{"start":{"line":73,"column":18},"end":{"line":73,"column":28}},"36":{"start":{"line":74,"column":18},"end":{"line":74,"column":44}},"37":{"start":{"line":76,"column":2},"end":{"line":80,"column":3}},"38":{"start":{"line":77,"column":4},"end":{"line":79,"column":null}},"39":{"start":{"line":82,"column":2},"end":{"line":82,"column":null}},"40":{"start":{"line":83,"column":2},"end":{"line":83,"column":null}},"41":{"start":{"line":72,"column":13},"end":{"line":72,"column":29}}},"fnMap":{"0":{"name":"(anonymous_1)","decl":{"start":{"line":5,"column":27},"end":{"line":5,"column":32}},"loc":{"start":{"line":5,"column":65},"end":{"line":17,"column":1}}},"1":{"name":"(anonymous_2)","decl":{"start":{"line":19,"column":30},"end":{"line":19,"column":35}},"loc":{"start":{"line":19,"column":68},"end":{"line":31,"column":1}}},"2":{"name":"(anonymous_3)","decl":{"start":{"line":33,"column":29},"end":{"line":33,"column":34}},"loc":{"start":{"line":33,"column":67},"end":{"line":36,"column":1}}},"3":{"name":"(anonymous_4)","decl":{"start":{"line":38,"column":29},"end":{"line":38,"column":34}},"loc":{"start":{"line":38,"column":67},"end":{"line":54,"column":1}}},"4":{"name":"(anonymous_5)","decl":{"start":{"line":56,"column":34},"end":{"line":56,"column":39}},"loc":{"start":{"line":56,"column":72},"end":{"line":70,"column":1}}},"5":{"name":"(anonymous_6)","decl":{"start":{"line":72,"column":29},"end":{"line":72,"column":34}},"loc":{"start":{"line":72,"column":67},"end":{"line":84,"column":1}}}},"branchMap":{"0":{"loc":{"start":{"line":23,"column":2},"end":{"line":27,"column":3}},"type":"if","locations":[{"start":{"line":23,"column":2},"end":{"line":27,"column":3}}]},"1":{"loc":{"start":{"line":43,"column":2},"end":{"line":47,"column":3}},"type":"if","locations":[{"start":{"line":43,"column":2},"end":{"line":47,"column":3}}]},"2":{"loc":{"start":{"line":60,"column":2},"end":{"line":64,"column":3}},"type":"if","locations":[{"start":{"line":60,"column":2},"end":{"line":64,"column":3}}]},"3":{"loc":{"start":{"line":76,"column":2},"end":{"line":80,"column":3}},"type":"if","locations":[{"start":{"line":76,"column":2},"end":{"line":80,"column":3}}]}},"s":{"0":3,"1":3,"2":2,"3":2,"4":3,"5":3,"6":2,"7":2,"8":2,"9":1,"10":1,"11":3,"12":3,"13":1,"14":1,"15":3,"16":3,"17":2,"18":2,"19":2,"20":1,"21":1,"22":1,"23":1,"24":3,"25":3,"26":2,"27":2,"28":2,"29":1,"30":1,"31":1,"32":1,"33":3,"34":3,"35":2,"36":2,"37":2,"38":1,"39":1,"40":1,"41":3},"f":{"0":2,"1":2,"2":1,"3":2,"4":2,"5":2},"b":{"0":[1],"1":[1],"2":[1],"3":[1]}}
,"C:\\Users\\gonza\\OneDrive\\Documentos\\Backend\\node\\Rest_api_node_ts_server\\src\\middleware\\index.ts": {"path":"C:\\Users\\gonza\\OneDrive\\Documentos\\Backend\\node\\Rest_api_node_ts_server\\src\\middleware\\index.ts","statementMap":{"0":{"start":{"line":2,"column":0},"end":{"line":2,"column":52}},"1":{"start":{"line":4,"column":33},"end":{"line":36,"column":1}},"2":{"start":{"line":6,"column":15},"end":{"line":6,"column":36}},"3":{"start":{"line":7,"column":2},"end":{"line":9,"column":3}},"4":{"start":{"line":8,"column":4},"end":{"line":8,"column":null}},"5":{"start":{"line":35,"column":2},"end":{"line":35,"column":10}},"6":{"start":{"line":4,"column":13},"end":{"line":4,"column":33}}},"fnMap":{"0":{"name":"(anonymous_0)","decl":{"start":{"line":4,"column":33},"end":{"line":4,"column":34}},"loc":{"start":{"line":4,"column":85},"end":{"line":36,"column":1}}}},"branchMap":{"0":{"loc":{"start":{"line":7,"column":2},"end":{"line":9,"column":3}},"type":"if","locations":[{"start":{"line":7,"column":2},"end":{"line":9,"column":3}}]}},"s":{"0":3,"1":3,"2":17,"3":17,"4":8,"5":9,"6":3},"f":{"0":17},"b":{"0":[8]}}
,"C:\\Users\\gonza\\OneDrive\\Documentos\\Backend\\node\\Rest_api_node_ts_server\\src\\models\\Product.model.ts": {"path":"C:\\Users\\gonza\\OneDrive\\Documentos\\Backend\\node\\Rest_api_node_ts_server\\src\\models\\Product.model.ts","statementMap":{"0":{"start":{"line":1,"column":0},"end":{"line":1,"column":79}},"1":{"start":{"line":7,"column":0},"end":{"line":24,"column":null}},"2":{"start":{"line":11,"column":10},"end":{"line":11,"column":null}},"3":{"start":{"line":16,"column":10},"end":{"line":16,"column":null}},"4":{"start":{"line":23,"column":10},"end":{"line":23,"column":null}},"5":{"start":{"line":7,"column":6},"end":{"line":24,"column":null}},"6":{"start":{"line":26,"column":0},"end":{"line":26,"column":null}}},"fnMap":{},"branchMap":{},"s":{"0":4,"1":4,"2":4,"3":4,"4":4,"5":4,"6":4},"f":{},"b":{}}
}
