TN:
SF:src\router.ts
FN:27,(anonymous_0)
FN:45,(anonymous_1)
FNF:2
FNH:2
FNDA:4,(anonymous_0)
FNDA:5,(anonymous_1)
DA:1,3
DA:2,3
DA:3,3
DA:4,3
DA:5,3
DA:9,3
DA:10,3
DA:16,3
DA:27,4
DA:34,3
DA:45,5
DA:52,3
DA:58,3
DA:64,3
LF:14
LH:14
BRF:0
BRH:0
end_of_record
TN:
SF:src\server.ts
FN:8,(anonymous_1)
FN:28,(anonymous_2)
FNF:2
FNH:2
FNDA:4,(anonymous_1)
FNDA:1,(anonymous_2)
DA:1,3
DA:2,3
DA:3,3
DA:4,3
DA:8,3
DA:9,4
DA:10,4
DA:11,2
DA:12,2
DA:14,1
DA:15,1
DA:19,3
DA:22,3
DA:25,3
DA:26,3
DA:28,3
DA:29,1
DA:34,3
LF:18
LH:18
BRF:0
BRH:0
end_of_record
TN:
SF:src\config\db.ts
FNF:0
FNH:0
DA:1,3
DA:2,3
DA:4,3
DA:6,3
DA:10,3
LF:5
LH:5
BRF:0
BRH:0
end_of_record
TN:
SF:src\handlers\product.ts
FN:5,(anonymous_1)
FN:19,(anonymous_2)
FN:33,(anonymous_3)
FN:38,(anonymous_4)
FN:56,(anonymous_5)
FN:72,(anonymous_6)
FNF:6
FNH:6
FNDA:2,(anonymous_1)
FNDA:2,(anonymous_2)
FNDA:1,(anonymous_3)
FNDA:2,(anonymous_4)
FNDA:2,(anonymous_5)
FNDA:2,(anonymous_6)
DA:3,3
DA:5,3
DA:13,2
DA:14,2
DA:19,3
DA:20,2
DA:21,2
DA:23,2
DA:24,1
DA:29,1
DA:33,3
DA:34,1
DA:35,1
DA:38,3
DA:40,2
DA:41,2
DA:43,2
DA:44,1
DA:50,1
DA:51,1
DA:52,1
DA:56,3
DA:57,2
DA:58,2
DA:60,2
DA:61,1
DA:67,1
DA:68,1
DA:69,1
DA:72,3
DA:73,2
DA:74,2
DA:76,2
DA:77,1
DA:82,1
DA:83,1
LF:36
LH:36
BRDA:23,0,0,1
BRDA:43,1,0,1
BRDA:60,2,0,1
BRDA:76,3,0,1
BRF:4
BRH:4
end_of_record
TN:
SF:src\middleware\index.ts
FN:4,(anonymous_0)
FNF:1
FNH:1
FNDA:17,(anonymous_0)
DA:2,3
DA:4,3
DA:6,17
DA:7,17
DA:8,8
DA:35,9
LF:6
LH:6
BRDA:7,0,0,8
BRF:1
BRH:1
end_of_record
TN:
SF:src\models\Product.model.ts
FNF:0
FNH:0
DA:1,4
DA:7,4
DA:11,4
DA:16,4
DA:23,4
DA:26,4
LF:6
LH:6
BRF:0
BRH:0
end_of_record
